<?xml version="1.0" encoding="UTF-8"?>
<!-- Generated by org.testng.reporters.JUnitReportReporter -->
<testsuite hostname="EPINHYDW0124" name="com.qa.tests.PostAvatar" tests="1" failures="0" timestamp="28 Aug 2019 12:31:53 GMT" time="1.315" errors="0">
  <testcase name="execution" time="1.315" classname="com.qa.tests.PostAvatar"/>
</testsuite> <!-- com.qa.tests.PostAvatar -->
