<?xml version="1.0" encoding="UTF-8"?>
<!-- Generated by org.testng.reporters.JUnitReportReporter -->
<testsuite hostname="EPINHYDW0124" name="com.qa.tests.GetAPITest" tests="2" failures="0" timestamp="28 Aug 2019 12:29:42 GMT" time="0.636" errors="0">
  <testcase name="getAPITestWithoutHeaders" time="0.525" classname="com.qa.tests.GetAPITest"/>
  <testcase name="getAPITestWithHeaders" time="0.111" classname="com.qa.tests.GetAPITest"/>
</testsuite> <!-- com.qa.tests.GetAPITest -->
