<?xml version="1.0" encoding="UTF-8"?>
<!-- Generated by org.testng.reporters.JUnitReportReporter -->
<testsuite hostname="EPINHYDW0124" name="com.qa.tests.ReadFromString" tests="3" failures="0" timestamp="28 Aug 2019 06:28:12 GMT" time="0.305" errors="0">
  <testcase name="writestring" time="0.015" classname="com.qa.tests.ReadFromString"/>
  <testcase name="readstring" time="0.003" classname="com.qa.tests.ReadFromString"/>
  <testcase name="readJsonFile" time="0.287" classname="com.qa.tests.ReadFromString"/>
</testsuite> <!-- com.qa.tests.ReadFromString -->
