<?xml version="1.0" encoding="UTF-8"?>
<!-- Generated by org.testng.reporters.JUnitReportReporter -->
<testsuite hostname="EPINHYDW0124" name="com.qa.tests.PostAPITest" tests="1" failures="0" timestamp="28 Aug 2019 11:57:36 GMT" time="1.321" errors="0">
  <testcase name="postAPITest" time="1.321" classname="com.qa.tests.PostAPITest"/>
</testsuite> <!-- com.qa.tests.PostAPITest -->
